<?xml version="1.0" encoding="UTF-8"?>
<!-- Generated by org.testng.reporters.JUnitReportReporter -->
<testsuite hostname="PCALP-50056" failures="0" tests="1" name="testcases.LoginDemo" time="44.037" errors="0" timestamp="21 Jan 2021 13:32:49 GMT" skipped="0">
  <testcase classname="testcases.LoginDemo" name="demoTest" time="44.037"/>
</testsuite> <!-- testcases.LoginDemo -->
